=========================================
Step 5: Regenerate with Corrupted Poses
Action-Video Mismatch Experiment - Phase 2
=========================================

Job ID: 9371930
Node: node3505
Start time: Wed Feb 18 20:03:27 EST 2026
GPU: 0

Python: /home/akshatat/.conda/envs/mech_interp_gpu/bin/python
Python version: Python 3.10.14

Checking GPU availability...
Wed Feb 18 20:03:31 2026       
+-----------------------------------------------------------------------------------------+
| NVIDIA-SMI 590.48.01              Driver Version: 590.48.01      CUDA Version: 13.1     |
+-----------------------------------------+------------------------+----------------------+
| GPU  Name                 Persistence-M | Bus-Id          Disp.A | Volatile Uncorr. ECC |
| Fan  Temp   Perf          Pwr:Usage/Cap |           Memory-Usage | GPU-Util  Compute M. |
|                                         |                        |               MIG M. |
|=========================================+========================+======================|
|   0  NVIDIA L40S                    On  |   00000000:CA:00.0 Off |                    0 |
| N/A   29C    P8             31W /  350W |       0MiB /  46068MiB |      0%      Default |
|                                         |                        |                  N/A |
+-----------------------------------------+------------------------+----------------------+

+-----------------------------------------------------------------------------------------+
| Processes:                                                                              |
|  GPU   GI   CI              PID   Type   Process name                        GPU Memory |
|        ID   ID                                                               Usage      |
|=========================================================================================|
|  No running processes found                                                             |
+-----------------------------------------------------------------------------------------+

=========================================
Starting corrupted pose regeneration...
=========================================

============================================================
STEP 5: Regenerate videos with corrupted poses
============================================================
  Phase 1 median drift: 35.13 deg
  Corruption scales: [0.5, 1.0, 2.0]
  Runner: diffusion-forcing-transformer/_phase2_runner.py

--- Extracting GT future frames from clean baseline ---
  GT frames saved to runs/action_mismatch/phase2/gt_frames_sample_*/

============================================================
  CORRUPTION SCALE = 0.5  (~17.6 deg final)
============================================================

  [RUN] DFoT with corruption scale=0.5
    cwd: diffusion-forcing-transformer
    Expected final corruption: ~17.6 deg

  [FAILED] scale=0.5
  stderr (tail):
 python: can't open file '/orcd/home/002/akshatat/VisionResearch/diffusion-forcing-transformer/diffusion-forcing-transformer/_phase2_runner.py': [Errno 2] No such file or directory

  stdout (tail):
 
  Skipping frame extraction for scale=0.5

============================================================
  CORRUPTION SCALE = 1.0  (~35.1 deg final)
============================================================

  [RUN] DFoT with corruption scale=1.0
    cwd: diffusion-forcing-transformer
    Expected final corruption: ~35.1 deg

  [FAILED] scale=1.0
  stderr (tail):
 python: can't open file '/orcd/home/002/akshatat/VisionResearch/diffusion-forcing-transformer/diffusion-forcing-transformer/_phase2_runner.py': [Errno 2] No such file or directory

  stdout (tail):
 
  Skipping frame extraction for scale=1.0

============================================================
  CORRUPTION SCALE = 2.0  (~70.3 deg final)
============================================================

  [RUN] DFoT with corruption scale=2.0
    cwd: diffusion-forcing-transformer
    Expected final corruption: ~70.3 deg

  [FAILED] scale=2.0
  stderr (tail):
 python: can't open file '/orcd/home/002/akshatat/VisionResearch/diffusion-forcing-transformer/diffusion-forcing-transformer/_phase2_runner.py': [Errno 2] No such file or directory

  stdout (tail):
 
  Skipping frame extraction for scale=2.0

  Step 5 complete!
  Scales generated: []
  Next: run step6_evaluate_phase2.py

=========================================
Step 5 Complete
=========================================
Exit code: 0
End time: Wed Feb 18 20:03:33 EST 2026

Phase 2 generated frames:
runs/action_mismatch/phase2/gt_frames_sample_0000/frame_0000.png
runs/action_mismatch/phase2/gt_frames_sample_0001/frame_0000.png
runs/action_mismatch/phase2/gt_frames_sample_0002/frame_0000.png
runs/action_mismatch/phase2/gt_frames_sample_0003/frame_0000.png
runs/action_mismatch/phase2/gt_frames_sample_0004/frame_0000.png
